<?xml version="1.0" encoding="UTF-8"?>
<!-- Generated by org.testng.reporters.JUnitReportReporter -->
<testsuite skipped="0" hostname="AmitKumar" name="SumValidation" tests="1" failures="0" timestamp="2021-04-03T21:07:47 ICT" time="5.035" errors="0">
  <testcase name="SumofCourses" time="5.035" classname="SumValidation"/>
  <system-out/>
</testsuite> <!-- SumValidation -->
